draggablepanel/build/outputs/logs/manifest-merger-debug-report.txt
-- Merging decision tree log ---
manifest
ADDED from InstantPlaylist\draggablepanel\AndroidManifest.xml:2:1-9:12
INJECTED from InstantPlaylist\draggablepanel\AndroidManifest.xml:2:1-9:12
INJECTED from InstantPlaylist\draggablepanel\AndroidManifest.xml:2:1-9:12
INJECTED from InstantPlaylist\draggablepanel\AndroidManifest.xml:2:1-9:12
INJECTED from InstantPlaylist\draggablepanel\AndroidManifest.xml:2:1-9:12
INJECTED from InstantPlaylist\draggablepanel\AndroidManifest.xml:2:1-9:12
INJECTED from InstantPlaylist\draggablepanel\AndroidManifest.xml:2:1-9:12
	package
		ADDED from InstantPlaylist\draggablepanel\AndroidManifest.xml:3:5-34
		INJECTED from InstantPlaylist\draggablepanel\AndroidManifest.xml
		INJECTED from InstantPlaylist\draggablepanel\AndroidManifest.xml
	android:versionName
		INJECTED from InstantPlaylist\draggablepanel\AndroidManifest.xml
		ADDED from InstantPlaylist\draggablepanel\AndroidManifest.xml:2:1-9:12
		INJECTED from InstantPlaylist\draggablepanel\AndroidManifest.xml
	android:versionCode
		INJECTED from InstantPlaylist\draggablepanel\AndroidManifest.xml
		ADDED from InstantPlaylist\draggablepanel\AndroidManifest.xml:2:1-9:12
		INJECTED from InstantPlaylist\draggablepanel\AndroidManifest.xml
	xmlns:android
		ADDED from InstantPlaylist\draggablepanel\AndroidManifest.xml:2:11-69
uses-sdk
ADDED from InstantPlaylist\draggablepanel\AndroidManifest.xml:5:3-7:38
INJECTED from InstantPlaylist\draggablepanel\AndroidManifest.xml:5:3-7:38
INJECTED from InstantPlaylist\draggablepanel\AndroidManifest.xml:5:3-7:38
	android:targetSdkVersion
		ADDED from InstantPlaylist\draggablepanel\AndroidManifest.xml:7:7-36
		INJECTED from InstantPlaylist\draggablepanel\AndroidManifest.xml
		INJECTED from InstantPlaylist\draggablepanel\AndroidManifest.xml
	android:minSdkVersion
		ADDED from InstantPlaylist\draggablepanel\AndroidManifest.xml:6:7-32